<?xml version="1.0" encoding="utf-8"?>
<!DOCTYPE coverage SYSTEM "http://cobertura.sourceforge.net/xml/coverage-04.dtd">
<coverage line-rate="0.575654152445961" branch-rate="0.424936386768448" lines-covered="1012" lines-valid="1758" branches-covered="167" branches-valid="393" complexity="558" version="0" timestamp="1750238719">
  <sources>
    <source>C:\Users\PogU\source\repos\lab-14\</source>
  </sources>
  <packages>
    <package name="Arguments" line-rate="1" branch-rate="1" complexity="15">
      <classes>
        <class name="Arguments.CollectionHandlerEventArgs" filename="C:\Users\PogU\source\repos\lab-14\Arguments\CollectionHandlerEventArgs.cs" line-rate="1" branch-rate="1" complexity="4">
          <methods>
            <method name="get_ChangeType" signature="()" line-rate="1" branch-rate="1" complexity="1">
              <lines>
                <line number="5" hits="15" branch="false" />
              </lines>
            </method>
            <method name="get_ChangedObject" signature="()" line-rate="1" branch-rate="1" complexity="1">
              <lines>
                <line number="6" hits="15" branch="false" />
              </lines>
            </method>
            <method name="get_Name" signature="()" line-rate="1" branch-rate="1" complexity="1">
              <lines>
                <line number="7" hits="15" branch="false" />
              </lines>
            </method>
            <method name=".ctor" signature="(...)" line-rate="1" branch-rate="1" complexity="1">
              <lines>
                <line number="9" hits="15" branch="false" />
                <line number="10" hits="15" branch="false" />
                <line number="11" hits="15" branch="false" />
                <line number="12" hits="15" branch="false" />
                <line number="13" hits="15" branch="false" />
                <line number="14" hits="15" branch="false" />
              </lines>
            </method>
          </methods>
          <lines>
            <line number="5" hits="15" branch="false" />
            <line number="6" hits="15" branch="false" />
            <line number="7" hits="15" branch="false" />
            <line number="9" hits="15" branch="false" />
            <line number="10" hits="15" branch="false" />
            <line number="11" hits="15" branch="false" />
            <line number="12" hits="15" branch="false" />
            <line number="13" hits="15" branch="false" />
            <line number="14" hits="15" branch="false" />
          </lines>
        </class>
        <class name="Arguments.Journal" filename="C:\Users\PogU\source\repos\lab-14\Arguments\Journal.cs" line-rate="1" branch-rate="1" complexity="6">
          <methods>
            <method name="CollectionCount" signature="(...)" line-rate="1" branch-rate="1" complexity="1">
              <lines>
                <line number="14" hits="13" branch="false" />
                <line number="15" hits="13" branch="false" />
                <line number="16" hits="13" branch="false" />
                <line number="17" hits="13" branch="false" />
                <line number="19" hits="13" branch="false" />
                <line number="20" hits="13" branch="false" />
                <line number="21" hits="13" branch="false" />
              </lines>
            </method>
            <method name="CollectionChanged" signature="(...)" line-rate="1" branch-rate="1" complexity="1">
              <lines>
                <line number="24" hits="2" branch="false" />
                <line number="25" hits="2" branch="false" />
                <line number="26" hits="2" branch="false" />
                <line number="27" hits="2" branch="false" />
                <line number="29" hits="2" branch="false" />
                <line number="30" hits="2" branch="false" />
                <line number="31" hits="2" branch="false" />
              </lines>
            </method>
            <method name="ToString" signature="()" line-rate="1" branch-rate="1" complexity="2">
              <lines>
                <line number="34" hits="2" branch="false" />
                <line number="35" hits="2" branch="true" condition-coverage="100% (2/2)" />
                <line number="36" hits="1" branch="false" />
                <line number="37" hits="1" branch="false" />
                <line number="40" hits="1" branch="false" />
                <line number="41" hits="1" branch="false" />
                <line number="43" hits="2" branch="false" />
              </lines>
            </method>
            <method name="GetEntries" signature="()" line-rate="1" branch-rate="1" complexity="1">
              <lines>
                <line number="45" hits="7" branch="false" />
              </lines>
            </method>
            <method name=".ctor" signature="()" line-rate="1" branch-rate="1" complexity="1">
              <lines>
                <line number="11" hits="11" branch="false" />
              </lines>
            </method>
          </methods>
          <lines>
            <line number="11" hits="11" branch="false" />
            <line number="14" hits="13" branch="false" />
            <line number="15" hits="13" branch="false" />
            <line number="16" hits="13" branch="false" />
            <line number="17" hits="13" branch="false" />
            <line number="19" hits="13" branch="false" />
            <line number="20" hits="13" branch="false" />
            <line number="21" hits="13" branch="false" />
            <line number="24" hits="2" branch="false" />
            <line number="25" hits="2" branch="false" />
            <line number="26" hits="2" branch="false" />
            <line number="27" hits="2" branch="false" />
            <line number="29" hits="2" branch="false" />
            <line number="30" hits="2" branch="false" />
            <line number="31" hits="2" branch="false" />
            <line number="34" hits="2" branch="false" />
            <line number="35" hits="2" branch="true" condition-coverage="100% (2/2)" />
            <line number="36" hits="1" branch="false" />
            <line number="37" hits="1" branch="false" />
            <line number="40" hits="1" branch="false" />
            <line number="41" hits="1" branch="false" />
            <line number="43" hits="2" branch="false" />
            <line number="45" hits="7" branch="false" />
          </lines>
        </class>
        <class name="Arguments.JournalEntry" filename="C:\Users\PogU\source\repos\lab-14\Arguments\JournalEntry.cs" line-rate="1" branch-rate="1" complexity="5">
          <methods>
            <method name="get_CollectionName" signature="()" line-rate="1" branch-rate="1" complexity="1">
              <lines>
                <line number="11" hits="2" branch="false" />
              </lines>
            </method>
            <method name="get_ChangeType" signature="()" line-rate="1" branch-rate="1" complexity="1">
              <lines>
                <line number="12" hits="8" branch="false" />
              </lines>
            </method>
            <method name="get_ObjectData" signature="()" line-rate="1" branch-rate="1" complexity="1">
              <lines>
                <line number="13" hits="3" branch="false" />
              </lines>
            </method>
            <method name="ToString" signature="()" line-rate="1" branch-rate="1" complexity="1">
              <lines>
                <line number="23" hits="1" branch="false" />
                <line number="24" hits="1" branch="false" />
                <line number="25" hits="1" branch="false" />
              </lines>
            </method>
            <method name=".ctor" signature="(...)" line-rate="1" branch-rate="1" complexity="1">
              <lines>
                <line number="15" hits="15" branch="false" />
                <line number="16" hits="15" branch="false" />
                <line number="17" hits="15" branch="false" />
                <line number="18" hits="15" branch="false" />
                <line number="19" hits="15" branch="false" />
                <line number="20" hits="15" branch="false" />
              </lines>
            </method>
          </methods>
          <lines>
            <line number="11" hits="2" branch="false" />
            <line number="12" hits="8" branch="false" />
            <line number="13" hits="3" branch="false" />
            <line number="15" hits="15" branch="false" />
            <line number="16" hits="15" branch="false" />
            <line number="17" hits="15" branch="false" />
            <line number="18" hits="15" branch="false" />
            <line number="19" hits="15" branch="false" />
            <line number="20" hits="15" branch="false" />
            <line number="23" hits="1" branch="false" />
            <line number="24" hits="1" branch="false" />
            <line number="25" hits="1" branch="false" />
          </lines>
        </class>
      </classes>
    </package>
    <package name="Collections" line-rate="0.546594982078853" branch-rate="0.518518518518518" complexity="257">
      <classes>
        <class name="Collections.BinaryTree`1" filename="C:\Users\PogU\source\repos\lab-14\Collections\BinaryTree.cs" line-rate="0" branch-rate="0" complexity="55">
          <methods>
            <method name="CreateRandomInstr" signature="()" line-rate="0" branch-rate="1" complexity="1">
              <lines>
                <line number="13" hits="0" branch="false" />
                <line number="14" hits="0" branch="false" />
                <line number="15" hits="0" branch="false" />
              </lines>
            </method>
            <method name="get_Root" signature="()" line-rate="0" branch-rate="1" complexity="1">
              <lines>
                <line number="16" hits="0" branch="false" />
              </lines>
            </method>
            <method name="BuildPerfectTree" signature="(...)" line-rate="0" branch-rate="0" complexity="2">
              <lines>
                <line number="24" hits="0" branch="false" />
                <line number="25" hits="0" branch="true" condition-coverage="0% (0/2)" />
                <line number="26" hits="0" branch="false" />
                <line number="27" hits="0" branch="false" />
                <line number="28" hits="0" branch="false" />
                <line number="31" hits="0" branch="false" />
                <line number="32" hits="0" branch="false" />
              </lines>
            </method>
            <method name="BuildSubtree" signature="(...)" line-rate="0" branch-rate="0" complexity="2">
              <lines>
                <line number="35" hits="0" branch="false" />
                <line number="36" hits="0" branch="true" condition-coverage="0% (0/2)" />
                <line number="37" hits="0" branch="false" />
                <line number="39" hits="0" branch="false" />
                <line number="40" hits="0" branch="false" />
                <line number="43" hits="0" branch="false" />
                <line number="47" hits="0" branch="false" />
                <line number="50" hits="0" branch="false" />
                <line number="51" hits="0" branch="false" />
                <line number="53" hits="0" branch="false" />
                <line number="54" hits="0" branch="false" />
              </lines>
            </method>
            <method name="ShowTree" signature="(...)" line-rate="0" branch-rate="1" complexity="1">
              <lines>
                <line number="57" hits="0" branch="false" />
                <line number="58" hits="0" branch="false" />
                <line number="59" hits="0" branch="false" />
              </lines>
            </method>
            <method name="ShowTreeRecursive" signature="(...)" line-rate="0" branch-rate="0" complexity="2">
              <lines>
                <line number="62" hits="0" branch="false" />
                <line number="63" hits="0" branch="true" condition-coverage="0% (0/2)" />
                <line number="64" hits="0" branch="false" />
                <line number="67" hits="0" branch="false" />
                <line number="70" hits="0" branch="false" />
                <line number="73" hits="0" branch="false" />
                <line number="76" hits="0" branch="false" />
                <line number="78" hits="0" branch="false" />
                <line number="79" hits="0" branch="false" />
              </lines>
            </method>
            <method name="FindMaxId" signature="()" line-rate="0" branch-rate="0" complexity="2">
              <lines>
                <line number="82" hits="0" branch="false" />
                <line number="83" hits="0" branch="true" condition-coverage="0% (0/2)" />
                <line number="84" hits="0" branch="false" />
                <line number="85" hits="0" branch="false" />
                <line number="86" hits="0" branch="false" />
                <line number="89" hits="0" branch="false" />
                <line number="90" hits="0" branch="false" />
              </lines>
            </method>
            <method name="FindMaxIdRecursive" signature="(...)" line-rate="0" branch-rate="0" complexity="10">
              <lines>
                <line number="93" hits="0" branch="false" />
                <line number="94" hits="0" branch="true" condition-coverage="0% (0/2)" />
                <line number="95" hits="0" branch="false" />
                <line number="98" hits="0" branch="false" />
                <line number="99" hits="0" branch="false" />
                <line number="102" hits="0" branch="false" />
                <line number="105" hits="0" branch="true" condition-coverage="0% (0/4)" />
                <line number="106" hits="0" branch="false" />
                <line number="107" hits="0" branch="false" />
                <line number="108" hits="0" branch="false" />
                <line number="111" hits="0" branch="true" condition-coverage="0% (0/4)" />
                <line number="112" hits="0" branch="false" />
                <line number="113" hits="0" branch="false" />
                <line number="114" hits="0" branch="false" />
                <line number="116" hits="0" branch="false" />
                <line number="117" hits="0" branch="false" />
              </lines>
            </method>
            <method name="ConvertToSearchTree" signature="()" line-rate="0" branch-rate="0" complexity="2">
              <lines>
                <line number="121" hits="0" branch="false" />
                <line number="122" hits="0" branch="false" />
                <line number="124" hits="0" branch="true" condition-coverage="0% (0/2)" />
                <line number="125" hits="0" branch="false" />
                <line number="127" hits="0" branch="false" />
                <line number="129" hits="0" branch="false" />
                <line number="130" hits="0" branch="false" />
              </lines>
            </method>
            <method name="TreeAddDeep" signature="(...)" line-rate="0" branch-rate="0" complexity="2">
              <lines>
                <line number="134" hits="0" branch="false" />
                <line number="135" hits="0" branch="true" condition-coverage="0% (0/2)" />
                <line number="136" hits="0" branch="false" />
                <line number="139" hits="0" branch="false" />
                <line number="142" hits="0" branch="false" />
                <line number="145" hits="0" branch="false" />
                <line number="146" hits="0" branch="false" />
                <line number="147" hits="0" branch="false" />
              </lines>
            </method>
            <method name="AddToSearchTree" signature="(...)" line-rate="0" branch-rate="1" complexity="1">
              <lines>
                <line number="151" hits="0" branch="false" />
                <line number="152" hits="0" branch="false" />
                <line number="153" hits="0" branch="false" />
              </lines>
            </method>
            <method name="AddToSearchTree" signature="(...)" line-rate="0" branch-rate="0" complexity="6">
              <lines>
                <line number="156" hits="0" branch="false" />
                <line number="157" hits="0" branch="true" condition-coverage="0% (0/2)" />
                <line number="158" hits="0" branch="false" />
                <line number="159" hits="0" branch="false" />
                <line number="163" hits="0" branch="false" />
                <line number="165" hits="0" branch="true" condition-coverage="0% (0/2)" />
                <line number="166" hits="0" branch="false" />
                <line number="167" hits="0" branch="false" />
                <line number="168" hits="0" branch="false" />
                <line number="169" hits="0" branch="true" condition-coverage="0% (0/2)" />
                <line number="170" hits="0" branch="false" />
                <line number="171" hits="0" branch="false" />
                <line number="172" hits="0" branch="false" />
                <line number="174" hits="0" branch="false" />
                <line number="175" hits="0" branch="false" />
              </lines>
            </method>
            <method name="DeleteById" signature="(...)" line-rate="0" branch-rate="0" complexity="2">
              <lines>
                <line number="177" hits="0" branch="false" />
                <line number="178" hits="0" branch="true" condition-coverage="0% (0/2)" />
                <line number="179" hits="0" branch="false" />
                <line number="181" hits="0" branch="false" />
                <line number="182" hits="0" branch="false" />
              </lines>
            </method>
            <method name="DeleteNode" signature="(...)" line-rate="0" branch-rate="0" complexity="10">
              <lines>
                <line number="185" hits="0" branch="false" />
                <line number="186" hits="0" branch="true" condition-coverage="0% (0/2)" />
                <line number="187" hits="0" branch="false" />
                <line number="190" hits="0" branch="false" />
                <line number="192" hits="0" branch="true" condition-coverage="0% (0/2)" />
                <line number="193" hits="0" branch="false" />
                <line number="195" hits="0" branch="false" />
                <line number="196" hits="0" branch="false" />
                <line number="197" hits="0" branch="true" condition-coverage="0% (0/2)" />
                <line number="198" hits="0" branch="false" />
                <line number="200" hits="0" branch="false" />
                <line number="201" hits="0" branch="false" />
                <line number="203" hits="0" branch="false" />
                <line number="207" hits="0" branch="true" condition-coverage="0% (0/2)" />
                <line number="208" hits="0" branch="false" />
                <line number="209" hits="0" branch="false" />
                <line number="211" hits="0" branch="true" condition-coverage="0% (0/2)" />
                <line number="212" hits="0" branch="false" />
                <line number="213" hits="0" branch="false" />
                <line number="217" hits="0" branch="false" />
                <line number="220" hits="0" branch="false" />
                <line number="223" hits="0" branch="false" />
                <line number="224" hits="0" branch="false" />
                <line number="226" hits="0" branch="false" />
                <line number="227" hits="0" branch="false" />
              </lines>
            </method>
            <method name="FindMin" signature="(...)" line-rate="0" branch-rate="0" complexity="2">
              <lines>
                <line number="230" hits="0" branch="false" />
                <line number="231" hits="0" branch="true" condition-coverage="0% (0/2)" />
                <line number="232" hits="0" branch="false" />
                <line number="234" hits="0" branch="false" />
                <line number="235" hits="0" branch="false" />
              </lines>
            </method>
            <method name="Contains" signature="(...)" line-rate="0" branch-rate="1" complexity="1">
              <lines>
                <line number="238" hits="0" branch="false" />
                <line number="239" hits="0" branch="false" />
                <line number="240" hits="0" branch="false" />
              </lines>
            </method>
            <method name="Contains" signature="(...)" line-rate="0" branch-rate="0" complexity="6">
              <lines>
                <line number="243" hits="0" branch="false" />
                <line number="244" hits="0" branch="true" condition-coverage="0% (0/2)" />
                <line number="245" hits="0" branch="false" />
                <line number="247" hits="0" branch="false" />
                <line number="249" hits="0" branch="true" condition-coverage="0% (0/2)" />
                <line number="250" hits="0" branch="false" />
                <line number="251" hits="0" branch="true" condition-coverage="0% (0/2)" />
                <line number="252" hits="0" branch="false" />
                <line number="254" hits="0" branch="false" />
                <line number="255" hits="0" branch="false" />
              </lines>
            </method>
            <method name="Clear" signature="()" line-rate="0" branch-rate="1" complexity="1">
              <lines>
                <line number="258" hits="0" branch="false" />
                <line number="259" hits="0" branch="false" />
                <line number="260" hits="0" branch="false" />
              </lines>
            </method>
            <method name=".ctor" signature="()" line-rate="0" branch-rate="1" complexity="1">
              <lines>
                <line number="18" hits="0" branch="false" />
                <line number="19" hits="0" branch="false" />
                <line number="20" hits="0" branch="false" />
                <line number="21" hits="0" branch="false" />
              </lines>
            </method>
          </methods>
          <lines>
            <line number="13" hits="0" branch="false" />
            <line number="14" hits="0" branch="false" />
            <line number="15" hits="0" branch="false" />
            <line number="16" hits="0" branch="false" />
            <line number="18" hits="0" branch="false" />
            <line number="19" hits="0" branch="false" />
            <line number="20" hits="0" branch="false" />
            <line number="21" hits="0" branch="false" />
            <line number="24" hits="0" branch="false" />
            <line number="25" hits="0" branch="true" condition-coverage="0% (0/2)" />
            <line number="26" hits="0" branch="false" />
            <line number="27" hits="0" branch="false" />
            <line number="28" hits="0" branch="false" />
            <line number="31" hits="0" branch="false" />
            <line number="32" hits="0" branch="false" />
            <line number="35" hits="0" branch="false" />
            <line number="36" hits="0" branch="true" condition-coverage="0% (0/2)" />
            <line number="37" hits="0" branch="false" />
            <line number="39" hits="0" branch="false" />
            <line number="40" hits="0" branch="false" />
            <line number="43" hits="0" branch="false" />
            <line number="47" hits="0" branch="false" />
            <line number="50" hits="0" branch="false" />
            <line number="51" hits="0" branch="false" />
            <line number="53" hits="0" branch="false" />
            <line number="54" hits="0" branch="false" />
            <line number="57" hits="0" branch="false" />
            <line number="58" hits="0" branch="false" />
            <line number="59" hits="0" branch="false" />
            <line number="62" hits="0" branch="false" />
            <line number="63" hits="0" branch="true" condition-coverage="0% (0/2)" />
            <line number="64" hits="0" branch="false" />
            <line number="67" hits="0" branch="false" />
            <line number="70" hits="0" branch="false" />
            <line number="73" hits="0" branch="false" />
            <line number="76" hits="0" branch="false" />
            <line number="78" hits="0" branch="false" />
            <line number="79" hits="0" branch="false" />
            <line number="82" hits="0" branch="false" />
            <line number="83" hits="0" branch="true" condition-coverage="0% (0/2)" />
            <line number="84" hits="0" branch="false" />
            <line number="85" hits="0" branch="false" />
            <line number="86" hits="0" branch="false" />
            <line number="89" hits="0" branch="false" />
            <line number="90" hits="0" branch="false" />
            <line number="93" hits="0" branch="false" />
            <line number="94" hits="0" branch="true" condition-coverage="0% (0/2)" />
            <line number="95" hits="0" branch="false" />
            <line number="98" hits="0" branch="false" />
            <line number="99" hits="0" branch="false" />
            <line number="102" hits="0" branch="false" />
            <line number="105" hits="0" branch="true" condition-coverage="0% (0/4)" />
            <line number="106" hits="0" branch="false" />
            <line number="107" hits="0" branch="false" />
            <line number="108" hits="0" branch="false" />
            <line number="111" hits="0" branch="true" condition-coverage="0% (0/4)" />
            <line number="112" hits="0" branch="false" />
            <line number="113" hits="0" branch="false" />
            <line number="114" hits="0" branch="false" />
            <line number="116" hits="0" branch="false" />
            <line number="117" hits="0" branch="false" />
            <line number="121" hits="0" branch="false" />
            <line number="122" hits="0" branch="false" />
            <line number="124" hits="0" branch="true" condition-coverage="0% (0/2)" />
            <line number="125" hits="0" branch="false" />
            <line number="127" hits="0" branch="false" />
            <line number="129" hits="0" branch="false" />
            <line number="130" hits="0" branch="false" />
            <line number="134" hits="0" branch="false" />
            <line number="135" hits="0" branch="true" condition-coverage="0% (0/2)" />
            <line number="136" hits="0" branch="false" />
            <line number="139" hits="0" branch="false" />
            <line number="142" hits="0" branch="false" />
            <line number="145" hits="0" branch="false" />
            <line number="146" hits="0" branch="false" />
            <line number="147" hits="0" branch="false" />
            <line number="151" hits="0" branch="false" />
            <line number="152" hits="0" branch="false" />
            <line number="153" hits="0" branch="false" />
            <line number="156" hits="0" branch="false" />
            <line number="157" hits="0" branch="true" condition-coverage="0% (0/2)" />
            <line number="158" hits="0" branch="false" />
            <line number="159" hits="0" branch="false" />
            <line number="163" hits="0" branch="false" />
            <line number="165" hits="0" branch="true" condition-coverage="0% (0/2)" />
            <line number="166" hits="0" branch="false" />
            <line number="167" hits="0" branch="false" />
            <line number="168" hits="0" branch="false" />
            <line number="169" hits="0" branch="true" condition-coverage="0% (0/2)" />
            <line number="170" hits="0" branch="false" />
            <line number="171" hits="0" branch="false" />
            <line number="172" hits="0" branch="false" />
            <line number="174" hits="0" branch="false" />
            <line number="175" hits="0" branch="false" />
            <line number="177" hits="0" branch="false" />
            <line number="178" hits="0" branch="true" condition-coverage="0% (0/2)" />
            <line number="179" hits="0" branch="false" />
            <line number="181" hits="0" branch="false" />
            <line number="182" hits="0" branch="false" />
            <line number="185" hits="0" branch="false" />
            <line number="186" hits="0" branch="true" condition-coverage="0% (0/2)" />
            <line number="187" hits="0" branch="false" />
            <line number="190" hits="0" branch="false" />
            <line number="192" hits="0" branch="true" condition-coverage="0% (0/2)" />
            <line number="193" hits="0" branch="false" />
            <line number="195" hits="0" branch="false" />
            <line number="196" hits="0" branch="false" />
            <line number="197" hits="0" branch="true" condition-coverage="0% (0/2)" />
            <line number="198" hits="0" branch="false" />
            <line number="200" hits="0" branch="false" />
            <line number="201" hits="0" branch="false" />
            <line number="203" hits="0" branch="false" />
            <line number="207" hits="0" branch="true" condition-coverage="0% (0/2)" />
            <line number="208" hits="0" branch="false" />
            <line number="209" hits="0" branch="false" />
            <line number="211" hits="0" branch="true" condition-coverage="0% (0/2)" />
            <line number="212" hits="0" branch="false" />
            <line number="213" hits="0" branch="false" />
            <line number="217" hits="0" branch="false" />
            <line number="220" hits="0" branch="false" />
            <line number="223" hits="0" branch="false" />
            <line number="224" hits="0" branch="false" />
            <line number="226" hits="0" branch="false" />
            <line number="227" hits="0" branch="false" />
            <line number="230" hits="0" branch="false" />
            <line number="231" hits="0" branch="true" condition-coverage="0% (0/2)" />
            <line number="232" hits="0" branch="false" />
            <line number="234" hits="0" branch="false" />
            <line number="235" hits="0" branch="false" />
            <line number="238" hits="0" branch="false" />
            <line number="239" hits="0" branch="false" />
            <line number="240" hits="0" branch="false" />
            <line number="243" hits="0" branch="false" />
            <line number="244" hits="0" branch="true" condition-coverage="0% (0/2)" />
            <line number="245" hits="0" branch="false" />
            <line number="247" hits="0" branch="false" />
            <line number="249" hits="0" branch="true" condition-coverage="0% (0/2)" />
            <line number="250" hits="0" branch="false" />
            <line number="251" hits="0" branch="true" condition-coverage="0% (0/2)" />
            <line number="252" hits="0" branch="false" />
            <line number="254" hits="0" branch="false" />
            <line number="255" hits="0" branch="false" />
            <line number="258" hits="0" branch="false" />
            <line number="259" hits="0" branch="false" />
            <line number="260" hits="0" branch="false" />
          </lines>
        </class>
        <class name="Collections.DoublyLinkedList`1" filename="C:\Users\PogU\source\repos\lab-14\Collections\List.cs" line-rate="0.920353982300885" branch-rate="0.794117647058823" complexity="38">
          <methods>
            <method name="get_begin" signature="()" line-rate="1" branch-rate="1" complexity="1">
              <lines>
                <line number="14" hits="59" branch="false" />
              </lines>
            </method>
            <method name="get_end" signature="()" line-rate="1" branch-rate="1" complexity="1">
              <lines>
                <line number="15" hits="56" branch="false" />
              </lines>
            </method>
            <method name="get_Count" signature="()" line-rate="1" branch-rate="1" complexity="2">
              <lines>
                <line number="20" hits="8" branch="false" />
                <line number="21" hits="8" branch="false" />
                <line number="22" hits="8" branch="false" />
                <line number="23" hits="19" branch="true" condition-coverage="100% (2/2)" />
                <line number="24" hits="11" branch="false" />
                <line number="25" hits="11" branch="false" />
                <line number="26" hits="11" branch="false" />
                <line number="27" hits="11" branch="false" />
                <line number="28" hits="8" branch="false" />
                <line number="29" hits="8" branch="false" />
              </lines>
            </method>
            <method name="Add" signature="(...)" line-rate="1" branch-rate="1" complexity="2">
              <lines>
                <line number="39" hits="15" branch="false" />
                <line number="40" hits="15" branch="false" />
                <line number="41" hits="15" branch="true" condition-coverage="100% (2/2)" />
                <line number="42" hits="7" branch="false" />
                <line number="43" hits="7" branch="false" />
                <line number="44" hits="7" branch="false" />
                <line number="45" hits="7" branch="false" />
                <line number="47" hits="8" branch="false" />
                <line number="48" hits="8" branch="false" />
                <line number="49" hits="8" branch="false" />
                <line number="50" hits="8" branch="false" />
                <line number="51" hits="8" branch="false" />
                <line number="52" hits="15" branch="false" />
              </lines>
            </method>
            <method name="CreateRandomInstr" signature="()" line-rate="0.625" branch-rate="0.25" complexity="4">
              <lines>
                <line number="73" hits="3" branch="false" />
                <line number="74" hits="3" branch="false" />
                <line number="76" hits="3" branch="false" />
                <line number="77" hits="3" branch="true" condition-coverage="25% (1/4)" />
                <line number="80" hits="0" branch="false" />
                <line number="81" hits="0" branch="false" />
                <line number="83" hits="3" branch="false" />
                <line number="84" hits="3" branch="false" />
                <line number="86" hits="0" branch="false" />
                <line number="87" hits="0" branch="false" />
                <line number="89" hits="0" branch="false" />
                <line number="90" hits="0" branch="false" />
                <line number="93" hits="3" branch="false" />
                <line number="94" hits="3" branch="false" />
                <line number="95" hits="3" branch="false" />
                <line number="96" hits="3" branch="false" />
              </lines>
            </method>
            <method name="AddOddIndexElements" signature="(...)" line-rate="1" branch-rate="0.833333333333333" complexity="6">
              <lines>
                <line number="99" hits="1" branch="false" />
                <line number="100" hits="1" branch="false" />
                <line number="103" hits="1" branch="false" />
                <line number="104" hits="3" branch="true" condition-coverage="100% (4/4)" />
                <line number="105" hits="2" branch="false" />
                <line number="107" hits="2" branch="false" />
                <line number="110" hits="2" branch="false" />
                <line number="112" hits="2" branch="false" />
                <line number="115" hits="2" branch="true" condition-coverage="50% (1/2)" />
                <line number="116" hits="2" branch="false" />
                <line number="118" hits="1" branch="false" />
              </lines>
            </method>
            <method name="AddAfter" signature="(...)" line-rate="0.916666666666667" branch-rate="0.833333333333333" complexity="6">
              <lines>
                <line number="121" hits="2" branch="false" />
                <line number="122" hits="2" branch="true" condition-coverage="50% (1/2)" />
                <line number="123" hits="0" branch="false" />
                <line number="125" hits="2" branch="false" />
                <line number="127" hits="2" branch="false" />
                <line number="128" hits="2" branch="false" />
                <line number="130" hits="2" branch="true" condition-coverage="100% (2/2)" />
                <line number="131" hits="1" branch="false" />
                <line number="133" hits="2" branch="false" />
                <line number="135" hits="2" branch="true" condition-coverage="100% (2/2)" />
                <line number="136" hits="1" branch="false" />
                <line number="137" hits="2" branch="false" />
              </lines>
            </method>
            <method name="RemoveFromElementToEnd" signature="(...)" line-rate="1" branch-rate="0.9" complexity="10">
              <lines>
                <line number="140" hits="2" branch="false" />
                <line number="141" hits="2" branch="false" />
                <line number="142" hits="2" branch="false" />
                <line number="144" hits="3" branch="true" condition-coverage="100% (2/2)" />
                <line number="145" hits="3" branch="false" />
                <line number="146" hits="3" branch="true" condition-coverage="75% (3/4)" />
                <line number="147" hits="2" branch="false" />
                <line number="148" hits="2" branch="false" />
                <line number="149" hits="2" branch="false" />
                <line number="151" hits="1" branch="false" />
                <line number="152" hits="1" branch="false" />
                <line number="154" hits="2" branch="true" condition-coverage="100% (2/2)" />
                <line number="155" hits="2" branch="false" />
                <line number="156" hits="2" branch="true" condition-coverage="100% (2/2)" />
                <line number="157" hits="1" branch="false" />
                <line number="158" hits="1" branch="false" />
                <line number="159" hits="1" branch="false" />
                <line number="160" hits="1" branch="false" />
                <line number="162" hits="1" branch="false" />
                <line number="163" hits="1" branch="false" />
                <line number="164" hits="1" branch="false" />
                <line number="165" hits="1" branch="false" />
                <line number="166" hits="2" branch="false" />
                <line number="167" hits="2" branch="false" />
              </lines>
            </method>
            <method name="DeepClone" signature="()" line-rate="0.875" branch-rate="0.75" complexity="4">
              <lines>
                <line number="172" hits="1" branch="false" />
                <line number="173" hits="1" branch="false" />
                <line number="174" hits="1" branch="false" />
                <line number="176" hits="3" branch="true" condition-coverage="100% (2/2)" />
                <line number="177" hits="2" branch="false" />
                <line number="178" hits="2" branch="true" condition-coverage="50% (1/2)" />
                <line number="179" hits="2" branch="false" />
                <line number="180" hits="2" branch="false" />
                <line number="181" hits="2" branch="false" />
                <line number="182" hits="2" branch="false" />
                <line number="184" hits="0" branch="false" />
                <line number="186" hits="0" branch="false" />
                <line number="188" hits="2" branch="false" />
                <line number="189" hits="2" branch="false" />
                <line number="191" hits="1" branch="false" />
                <line number="192" hits="1" branch="false" />
              </lines>
            </method>
            <method name="Clear" signature="()" line-rate="1" branch-rate="1" complexity="1">
              <lines>
                <line number="196" hits="1" branch="false" />
                <line number="198" hits="1" branch="false" />
                <line number="199" hits="1" branch="false" />
                <line number="200" hits="1" branch="false" />
              </lines>
            </method>
            <method name=".ctor" signature="()" line-rate="1" branch-rate="1" complexity="1">
              <lines>
                <line number="32" hits="9" branch="false" />
                <line number="33" hits="9" branch="false" />
                <line number="34" hits="9" branch="false" />
                <line number="35" hits="9" branch="false" />
                <line number="36" hits="9" branch="false" />
              </lines>
            </method>
          </methods>
          <lines>
            <line number="14" hits="59" branch="false" />
            <line number="15" hits="56" branch="false" />
            <line number="20" hits="8" branch="false" />
            <line number="21" hits="8" branch="false" />
            <line number="22" hits="8" branch="false" />
            <line number="23" hits="19" branch="true" condition-coverage="100% (2/2)" />
            <line number="24" hits="11" branch="false" />
            <line number="25" hits="11" branch="false" />
            <line number="26" hits="11" branch="false" />
            <line number="27" hits="11" branch="false" />
            <line number="28" hits="8" branch="false" />
            <line number="29" hits="8" branch="false" />
            <line number="32" hits="9" branch="false" />
            <line number="33" hits="9" branch="false" />
            <line number="34" hits="9" branch="false" />
            <line number="35" hits="9" branch="false" />
            <line number="36" hits="9" branch="false" />
            <line number="39" hits="15" branch="false" />
            <line number="40" hits="15" branch="false" />
            <line number="41" hits="15" branch="true" condition-coverage="100% (2/2)" />
            <line number="42" hits="7" branch="false" />
            <line number="43" hits="7" branch="false" />
            <line number="44" hits="7" branch="false" />
            <line number="45" hits="7" branch="false" />
            <line number="47" hits="8" branch="false" />
            <line number="48" hits="8" branch="false" />
            <line number="49" hits="8" branch="false" />
            <line number="50" hits="8" branch="false" />
            <line number="51" hits="8" branch="false" />
            <line number="52" hits="15" branch="false" />
            <line number="73" hits="3" branch="false" />
            <line number="74" hits="3" branch="false" />
            <line number="76" hits="3" branch="false" />
            <line number="77" hits="3" branch="true" condition-coverage="25% (1/4)" />
            <line number="80" hits="0" branch="false" />
            <line number="81" hits="0" branch="false" />
            <line number="83" hits="3" branch="false" />
            <line number="84" hits="3" branch="false" />
            <line number="86" hits="0" branch="false" />
            <line number="87" hits="0" branch="false" />
            <line number="89" hits="0" branch="false" />
            <line number="90" hits="0" branch="false" />
            <line number="93" hits="3" branch="false" />
            <line number="94" hits="3" branch="false" />
            <line number="95" hits="3" branch="false" />
            <line number="96" hits="3" branch="false" />
            <line number="99" hits="1" branch="false" />
            <line number="100" hits="1" branch="false" />
            <line number="103" hits="1" branch="false" />
            <line number="104" hits="3" branch="true" condition-coverage="100% (4/4)" />
            <line number="105" hits="2" branch="false" />
            <line number="107" hits="2" branch="false" />
            <line number="110" hits="2" branch="false" />
            <line number="112" hits="2" branch="false" />
            <line number="115" hits="2" branch="true" condition-coverage="50% (1/2)" />
            <line number="116" hits="2" branch="false" />
            <line number="118" hits="1" branch="false" />
            <line number="121" hits="2" branch="false" />
            <line number="122" hits="2" branch="true" condition-coverage="50% (1/2)" />
            <line number="123" hits="0" branch="false" />
            <line number="125" hits="2" branch="false" />
            <line number="127" hits="2" branch="false" />
            <line number="128" hits="2" branch="false" />
            <line number="130" hits="2" branch="true" condition-coverage="100% (2/2)" />
            <line number="131" hits="1" branch="false" />
            <line number="133" hits="2" branch="false" />
            <line number="135" hits="2" branch="true" condition-coverage="100% (2/2)" />
            <line number="136" hits="1" branch="false" />
            <line number="137" hits="2" branch="false" />
            <line number="140" hits="2" branch="false" />
            <line number="141" hits="2" branch="false" />
            <line number="142" hits="2" branch="false" />
            <line number="144" hits="3" branch="true" condition-coverage="100% (2/2)" />
            <line number="145" hits="3" branch="false" />
            <line number="146" hits="3" branch="true" condition-coverage="75% (3/4)" />
            <line number="147" hits="2" branch="false" />
            <line number="148" hits="2" branch="false" />
            <line number="149" hits="2" branch="false" />
            <line number="151" hits="1" branch="false" />
            <line number="152" hits="1" branch="false" />
            <line number="154" hits="2" branch="true" condition-coverage="100% (2/2)" />
            <line number="155" hits="2" branch="false" />
            <line number="156" hits="2" branch="true" condition-coverage="100% (2/2)" />
            <line number="157" hits="1" branch="false" />
            <line number="158" hits="1" branch="false" />
            <line number="159" hits="1" branch="false" />
            <line number="160" hits="1" branch="false" />
            <line number="162" hits="1" branch="false" />
            <line number="163" hits="1" branch="false" />
            <line number="164" hits="1" branch="false" />
            <line number="165" hits="1" branch="false" />
            <line number="166" hits="2" branch="false" />
            <line number="167" hits="2" branch="false" />
            <line number="172" hits="1" branch="false" />
            <line number="173" hits="1" branch="false" />
            <line number="174" hits="1" branch="false" />
            <line number="176" hits="3" branch="true" condition-coverage="100% (2/2)" />
            <line number="177" hits="2" branch="false" />
            <line number="178" hits="2" branch="true" condition-coverage="50% (1/2)" />
            <line number="179" hits="2" branch="false" />
            <line number="180" hits="2" branch="false" />
            <line number="181" hits="2" branch="false" />
            <line number="182" hits="2" branch="false" />
            <line number="184" hits="0" branch="false" />
            <line number="186" hits="0" branch="false" />
            <line number="188" hits="2" branch="false" />
            <line number="189" hits="2" branch="false" />
            <line number="191" hits="1" branch="false" />
            <line number="192" hits="1" branch="false" />
            <line number="196" hits="1" branch="false" />
            <line number="198" hits="1" branch="false" />
            <line number="199" hits="1" branch="false" />
            <line number="200" hits="1" branch="false" />
          </lines>
        </class>
        <class name="Collections.HashPoint`1" filename="C:\Users\PogU\source\repos\lab-14\Collections\HashPoint.cs" line-rate="1" branch-rate="1" complexity="8">
          <methods>
            <method name="get_Data" signature="()" line-rate="1" branch-rate="1" complexity="1">
              <lines>
                <line number="11" hits="286" branch="false" />
              </lines>
            </method>
            <method name="get_IsDeleted" signature="()" line-rate="1" branch-rate="1" complexity="1">
              <lines>
                <line number="12" hits="374" branch="false" />
              </lines>
            </method>
            <method name="ToString" signature="()" line-rate="1" branch-rate="1" complexity="4">
              <lines>
                <line number="27" hits="2" branch="false" />
                <line number="28" hits="2" branch="true" condition-coverage="100% (4/4)" />
                <line number="29" hits="2" branch="false" />
              </lines>
            </method>
            <method name=".ctor" signature="()" line-rate="1" branch-rate="1" complexity="1">
              <lines>
                <line number="14" hits="2" branch="false" />
                <line number="15" hits="2" branch="false" />
                <line number="16" hits="2" branch="false" />
                <line number="17" hits="2" branch="false" />
                <line number="18" hits="2" branch="false" />
              </lines>
            </method>
            <method name=".ctor" signature="(...)" line-rate="1" branch-rate="1" complexity="1">
              <lines>
                <line number="20" hits="152" branch="false" />
                <line number="21" hits="152" branch="false" />
                <line number="22" hits="152" branch="false" />
                <line number="23" hits="152" branch="false" />
                <line number="24" hits="152" branch="false" />
              </lines>
            </method>
          </methods>
          <lines>
            <line number="11" hits="286" branch="false" />
            <line number="12" hits="374" branch="false" />
            <line number="14" hits="2" branch="false" />
            <line number="15" hits="2" branch="false" />
            <line number="16" hits="2" branch="false" />
            <line number="17" hits="2" branch="false" />
            <line number="18" hits="2" branch="false" />
            <line number="20" hits="152" branch="false" />
            <line number="21" hits="152" branch="false" />
            <line number="22" hits="152" branch="false" />
            <line number="23" hits="152" branch="false" />
            <line number="24" hits="152" branch="false" />
            <line number="27" hits="2" branch="false" />
            <line number="28" hits="2" branch="true" condition-coverage="100% (4/4)" />
            <line number="29" hits="2" branch="false" />
          </lines>
        </class>
        <class name="Collections.MyCollection`1" filename="C:\Users\PogU\source\repos\lab-14\Collections\MyCollection.cs" line-rate="0.255555555555556" branch-rate="0.25" complexity="44">
          <methods>
            <method name="get_Length" signature="()" line-rate="0" branch-rate="1" complexity="1">
              <lines>
                <line number="34" hits="0" branch="false" />
              </lines>
            </method>
            <method name="System.Collections.Generic.ICollection&lt;T&gt;.get_Count" signature="()" line-rate="0" branch-rate="1" complexity="1">
              <lines>
                <line number="35" hits="0" branch="false" />
              </lines>
            </method>
            <method name="System.Collections.Generic.ICollection&lt;T&gt;.get_IsReadOnly" signature="()" line-rate="0" branch-rate="1" complexity="1">
              <lines>
                <line number="36" hits="0" branch="false" />
              </lines>
            </method>
            <method name="System.Collections.Generic.ICollection&lt;T&gt;.Add" signature="(...)" line-rate="0" branch-rate="1" complexity="1">
              <lines>
                <line number="39" hits="0" branch="false" />
                <line number="40" hits="0" branch="false" />
                <line number="41" hits="0" branch="false" />
              </lines>
            </method>
            <method name="System.Collections.Generic.ICollection&lt;T&gt;.Clear" signature="()" line-rate="0" branch-rate="1" complexity="1">
              <lines>
                <line number="44" hits="0" branch="false" />
                <line number="45" hits="0" branch="false" />
                <line number="46" hits="0" branch="false" />
              </lines>
            </method>
            <method name="System.Collections.Generic.ICollection&lt;T&gt;.Contains" signature="(...)" line-rate="0" branch-rate="1" complexity="1">
              <lines>
                <line number="49" hits="0" branch="false" />
                <line number="50" hits="0" branch="false" />
                <line number="51" hits="0" branch="false" />
              </lines>
            </method>
            <method name="System.Collections.Generic.ICollection&lt;T&gt;.CopyTo" signature="(...)" line-rate="0" branch-rate="0" complexity="12">
              <lines>
                <line number="54" hits="0" branch="false" />
                <line number="55" hits="0" branch="true" condition-coverage="0% (0/2)" />
                <line number="56" hits="0" branch="false" />
                <line number="58" hits="0" branch="true" condition-coverage="0% (0/4)" />
                <line number="59" hits="0" branch="false" />
                <line number="61" hits="0" branch="true" condition-coverage="0% (0/2)" />
                <line number="62" hits="0" branch="false" />
                <line number="64" hits="0" branch="false" />
                <line number="65" hits="0" branch="true" condition-coverage="0% (0/2)" />
                <line number="66" hits="0" branch="false" />
                <line number="67" hits="0" branch="true" condition-coverage="0% (0/2)" />
                <line number="68" hits="0" branch="false" />
                <line number="70" hits="0" branch="false" />
                <line number="71" hits="0" branch="false" />
                <line number="73" hits="0" branch="false" />
                <line number="74" hits="0" branch="false" />
                <line number="76" hits="0" branch="false" />
                <line number="77" hits="0" branch="false" />
              </lines>
            </method>
            <method name="Equals" signature="(...)" line-rate="0" branch-rate="1" complexity="1">
              <lines>
                <line number="80" hits="0" branch="false" />
                <line number="81" hits="0" branch="false" />
                <line number="82" hits="0" branch="false" />
              </lines>
            </method>
            <method name="GetHashCode" signature="()" line-rate="0" branch-rate="1" complexity="1">
              <lines>
                <line number="96" hits="0" branch="false" />
                <line number="97" hits="0" branch="false" />
                <line number="98" hits="0" branch="false" />
              </lines>
            </method>
            <method name="System.Collections.Generic.ICollection&lt;T&gt;.Remove" signature="(...)" line-rate="0" branch-rate="1" complexity="1">
              <lines>
                <line number="101" hits="0" branch="false" />
                <line number="102" hits="0" branch="false" />
                <line number="103" hits="0" branch="false" />
              </lines>
            </method>
            <method name="ToString" signature="()" line-rate="0" branch-rate="1" complexity="1">
              <lines>
                <line number="106" hits="0" branch="false" />
                <line number="107" hits="0" branch="false" />
                <line number="108" hits="0" branch="false" />
              </lines>
            </method>
            <method name="System.Collections.IEnumerable.GetEnumerator" signature="()" line-rate="1" branch-rate="1" complexity="1">
              <lines>
                <line number="111" hits="1" branch="false" />
                <line number="112" hits="1" branch="false" />
                <line number="113" hits="1" branch="false" />
              </lines>
            </method>
            <method name="get_Item" signature="(...)" line-rate="0" branch-rate="0" complexity="8">
              <lines>
                <line number="117" hits="0" branch="false" />
                <line number="118" hits="0" branch="false" />
                <line number="120" hits="0" branch="true" condition-coverage="0% (0/2)" />
                <line number="121" hits="0" branch="false" />
                <line number="122" hits="0" branch="false" />
                <line number="123" hits="0" branch="false" />
                <line number="125" hits="0" branch="true" condition-coverage="0% (0/2)" />
                <line number="126" hits="0" branch="false" />
                <line number="128" hits="0" branch="true" condition-coverage="0% (0/4)" />
                <line number="129" hits="0" branch="false" />
                <line number="130" hits="0" branch="false" />
                <line number="131" hits="0" branch="false" />
                <line number="132" hits="0" branch="false" />
              </lines>
            </method>
            <method name="set_Item" signature="(...)" line-rate="0" branch-rate="0" complexity="2">
              <lines>
                <line number="134" hits="0" branch="false" />
                <line number="136" hits="0" branch="true" condition-coverage="0% (0/2)" />
                <line number="137" hits="0" branch="false" />
                <line number="140" hits="0" branch="false" />
                <line number="141" hits="0" branch="false" />
              </lines>
            </method>
            <method name=".ctor" signature="()" line-rate="1" branch-rate="1" complexity="1">
              <lines>
                <line number="14" hits="30" branch="false" />
              </lines>
            </method>
            <method name=".ctor" signature="(...)" line-rate="1" branch-rate="1" complexity="2">
              <lines>
                <line number="16" hits="16" branch="false" />
                <line number="17" hits="16" branch="false" />
                <line number="18" hits="16" branch="false" />
                <line number="19" hits="192" branch="true" condition-coverage="100% (2/2)" />
                <line number="20" hits="80" branch="false" />
                <line number="21" hits="80" branch="false" />
                <line number="22" hits="80" branch="false" />
                <line number="23" hits="80" branch="false" />
                <line number="24" hits="80" branch="false" />
                <line number="25" hits="16" branch="false" />
              </lines>
            </method>
            <method name=".ctor" signature="(...)" line-rate="0" branch-rate="0" complexity="2">
              <lines>
                <line number="27" hits="0" branch="false" />
                <line number="28" hits="0" branch="false" />
                <line number="29" hits="0" branch="true" condition-coverage="0% (0/2)" />
                <line number="30" hits="0" branch="false" />
                <line number="31" hits="0" branch="false" />
                <line number="32" hits="0" branch="false" />
                <line number="33" hits="0" branch="false" />
              </lines>
            </method>
            <method name="GetEnumerator" signature="()" line-rate="1" branch-rate="1" complexity="6">
              <lines>
                <line number="85" hits="5" branch="false" />
                <line number="86" hits="100" branch="true" condition-coverage="100% (2/2)" />
                <line number="87" hits="43" branch="false" />
                <line number="88" hits="43" branch="true" condition-coverage="100% (4/4)" />
                <line number="89" hits="33" branch="false" />
                <line number="90" hits="33" branch="false" />
                <line number="91" hits="32" branch="false" />
                <line number="92" hits="42" branch="false" />
                <line number="93" hits="4" branch="false" />
              </lines>
            </method>
          </methods>
          <lines>
            <line number="14" hits="30" branch="false" />
            <line number="16" hits="16" branch="false" />
            <line number="17" hits="16" branch="false" />
            <line number="18" hits="16" branch="false" />
            <line number="19" hits="192" branch="true" condition-coverage="100% (2/2)" />
            <line number="20" hits="80" branch="false" />
            <line number="21" hits="80" branch="false" />
            <line number="22" hits="80" branch="false" />
            <line number="23" hits="80" branch="false" />
            <line number="24" hits="80" branch="false" />
            <line number="25" hits="16" branch="false" />
            <line number="27" hits="0" branch="false" />
            <line number="28" hits="0" branch="false" />
            <line number="29" hits="0" branch="true" condition-coverage="0% (0/2)" />
            <line number="30" hits="0" branch="false" />
            <line number="31" hits="0" branch="false" />
            <line number="32" hits="0" branch="false" />
            <line number="33" hits="0" branch="false" />
            <line number="34" hits="0" branch="false" />
            <line number="35" hits="0" branch="false" />
            <line number="36" hits="0" branch="false" />
            <line number="39" hits="0" branch="false" />
            <line number="40" hits="0" branch="false" />
            <line number="41" hits="0" branch="false" />
            <line number="44" hits="0" branch="false" />
            <line number="45" hits="0" branch="false" />
            <line number="46" hits="0" branch="false" />
            <line number="49" hits="0" branch="false" />
            <line number="50" hits="0" branch="false" />
            <line number="51" hits="0" branch="false" />
            <line number="54" hits="0" branch="false" />
            <line number="55" hits="0" branch="true" condition-coverage="0% (0/2)" />
            <line number="56" hits="0" branch="false" />
            <line number="58" hits="0" branch="true" condition-coverage="0% (0/4)" />
            <line number="59" hits="0" branch="false" />
            <line number="61" hits="0" branch="true" condition-coverage="0% (0/2)" />
            <line number="62" hits="0" branch="false" />
            <line number="64" hits="0" branch="false" />
            <line number="65" hits="0" branch="true" condition-coverage="0% (0/2)" />
            <line number="66" hits="0" branch="false" />
            <line number="67" hits="0" branch="true" condition-coverage="0% (0/2)" />
            <line number="68" hits="0" branch="false" />
            <line number="70" hits="0" branch="false" />
            <line number="71" hits="0" branch="false" />
            <line number="73" hits="0" branch="false" />
            <line number="74" hits="0" branch="false" />
            <line number="76" hits="0" branch="false" />
            <line number="77" hits="0" branch="false" />
            <line number="80" hits="0" branch="false" />
            <line number="81" hits="0" branch="false" />
            <line number="82" hits="0" branch="false" />
            <line number="85" hits="5" branch="false" />
            <line number="86" hits="100" branch="true" condition-coverage="100% (2/2)" />
            <line number="87" hits="43" branch="false" />
            <line number="88" hits="43" branch="true" condition-coverage="100% (4/4)" />
            <line number="89" hits="33" branch="false" />
            <line number="90" hits="33" branch="false" />
            <line number="91" hits="32" branch="false" />
            <line number="92" hits="42" branch="false" />
            <line number="93" hits="4" branch="false" />
            <line number="96" hits="0" branch="false" />
            <line number="97" hits="0" branch="false" />
            <line number="98" hits="0" branch="false" />
            <line number="101" hits="0" branch="false" />
            <line number="102" hits="0" branch="false" />
            <line number="103" hits="0" branch="false" />
            <line number="106" hits="0" branch="false" />
            <line number="107" hits="0" branch="false" />
            <line number="108" hits="0" branch="false" />
            <line number="111" hits="1" branch="false" />
            <line number="112" hits="1" branch="false" />
            <line number="113" hits="1" branch="false" />
            <line number="117" hits="0" branch="false" />
            <line number="118" hits="0" branch="false" />
            <line number="120" hits="0" branch="true" condition-coverage="0% (0/2)" />
            <line number="121" hits="0" branch="false" />
            <line number="122" hits="0" branch="false" />
            <line number="123" hits="0" branch="false" />
            <line number="125" hits="0" branch="true" condition-coverage="0% (0/2)" />
            <line number="126" hits="0" branch="false" />
            <line number="128" hits="0" branch="true" condition-coverage="0% (0/4)" />
            <line number="129" hits="0" branch="false" />
            <line number="130" hits="0" branch="false" />
            <line number="131" hits="0" branch="false" />
            <line number="132" hits="0" branch="false" />
            <line number="134" hits="0" branch="false" />
            <line number="136" hits="0" branch="true" condition-coverage="0% (0/2)" />
            <line number="137" hits="0" branch="false" />
            <line number="140" hits="0" branch="false" />
            <line number="141" hits="0" branch="false" />
          </lines>
        </class>
        <class name="Collections.MyObservableCollection`1" filename="C:\Users\PogU\source\repos\lab-14\Collections\MyObservableCollection.cs" line-rate="0.939393939393939" branch-rate="0.833333333333333" complexity="15">
          <methods>
            <method name="get_Name" signature="()" line-rate="1" branch-rate="1" complexity="1">
              <lines>
                <line number="17" hits="24" branch="false" />
              </lines>
            </method>
            <method name="CountChanged" signature="(...)" line-rate="1" branch-rate="1" complexity="2">
              <lines>
                <line number="20" hits="13" branch="false" />
                <line number="21" hits="13" branch="true" condition-coverage="100% (2/2)" />
                <line number="22" hits="13" branch="false" />
              </lines>
            </method>
            <method name="OnChanged" signature="(...)" line-rate="1" branch-rate="1" complexity="1">
              <lines>
                <line number="25" hits="2" branch="false" />
                <line number="26" hits="2" branch="false" />
                <line number="27" hits="2" branch="false" />
              </lines>
            </method>
            <method name="Add" signature="(...)" line-rate="1" branch-rate="1" complexity="1">
              <lines>
                <line number="30" hits="9" branch="false" />
                <line number="31" hits="9" branch="false" />
                <line number="32" hits="9" branch="false" />
                <line number="33" hits="9" branch="false" />
              </lines>
            </method>
            <method name="Remove" signature="(...)" line-rate="1" branch-rate="1" complexity="2">
              <lines>
                <line number="36" hits="5" branch="false" />
                <line number="37" hits="5" branch="false" />
                <line number="38" hits="5" branch="true" condition-coverage="100% (2/2)" />
                <line number="39" hits="4" branch="false" />
                <line number="40" hits="5" branch="false" />
                <line number="41" hits="5" branch="false" />
              </lines>
            </method>
            <method name="get_Item" signature="(...)" line-rate="0.8" branch-rate="0.666666666666667" complexity="6">
              <lines>
                <line number="46" hits="2" branch="false" />
                <line number="47" hits="2" branch="true" condition-coverage="100% (2/2)" />
                <line number="48" hits="1" branch="false" />
                <line number="50" hits="4" branch="true" condition-coverage="50% (1/2)" />
                <line number="51" hits="1" branch="false" />
                <line number="52" hits="1" branch="true" condition-coverage="50% (1/2)" />
                <line number="53" hits="1" branch="false" />
                <line number="54" hits="0" branch="false" />
                <line number="56" hits="0" branch="false" />
                <line number="57" hits="1" branch="false" />
              </lines>
            </method>
            <method name="set_Item" signature="(...)" line-rate="1" branch-rate="1" complexity="2">
              <lines>
                <line number="59" hits="3" branch="false" />
                <line number="60" hits="3" branch="true" condition-coverage="100% (2/2)" />
                <line number="61" hits="1" branch="false" />
                <line number="63" hits="2" branch="false" />
                <line number="64" hits="2" branch="false" />
                <line number="65" hits="2" branch="false" />
              </lines>
            </method>
          </methods>
          <lines>
            <line number="17" hits="24" branch="false" />
            <line number="20" hits="13" branch="false" />
            <line number="21" hits="13" branch="true" condition-coverage="100% (2/2)" />
            <line number="22" hits="13" branch="false" />
            <line number="25" hits="2" branch="false" />
            <line number="26" hits="2" branch="false" />
            <line number="27" hits="2" branch="false" />
            <line number="30" hits="9" branch="false" />
            <line number="31" hits="9" branch="false" />
            <line number="32" hits="9" branch="false" />
            <line number="33" hits="9" branch="false" />
            <line number="36" hits="5" branch="false" />
            <line number="37" hits="5" branch="false" />
            <line number="38" hits="5" branch="true" condition-coverage="100% (2/2)" />
            <line number="39" hits="4" branch="false" />
            <line number="40" hits="5" branch="false" />
            <line number="41" hits="5" branch="false" />
            <line number="46" hits="2" branch="false" />
            <line number="47" hits="2" branch="true" condition-coverage="100% (2/2)" />
            <line number="48" hits="1" branch="false" />
            <line number="50" hits="4" branch="true" condition-coverage="50% (1/2)" />
            <line number="51" hits="1" branch="false" />
            <line number="52" hits="1" branch="true" condition-coverage="50% (1/2)" />
            <line number="53" hits="1" branch="false" />
            <line number="54" hits="0" branch="false" />
            <line number="56" hits="0" branch="false" />
            <line number="57" hits="1" branch="false" />
            <line number="59" hits="3" branch="false" />
            <line number="60" hits="3" branch="true" condition-coverage="100% (2/2)" />
            <line number="61" hits="1" branch="false" />
            <line number="63" hits="2" branch="false" />
            <line number="64" hits="2" branch="false" />
            <line number="65" hits="2" branch="false" />
          </lines>
        </class>
        <class name="Collections.MyOpenHs`1" filename="C:\Users\PogU\source\repos\lab-14\Collections\MyOpenHs.cs" line-rate="0.863636363636364" branch-rate="0.756410256410256" complexity="80">
          <methods>
            <method name="get_Count" signature="()" line-rate="1" branch-rate="1" complexity="1">
              <lines>
                <line number="16" hits="5" branch="false" />
              </lines>
            </method>
            <method name="get_Capacity" signature="()" line-rate="1" branch-rate="1" complexity="1">
              <lines>
                <line number="17" hits="2" branch="false" />
              </lines>
            </method>
            <method name="Add" signature="(...)" line-rate="1" branch-rate="1" complexity="16">
              <lines>
                <line number="31" hits="155" branch="false" />
                <line number="32" hits="155" branch="false" />
                <line number="33" hits="155" branch="true" condition-coverage="100% (2/2)" />
                <line number="34" hits="1" branch="false" />
                <line number="36" hits="154" branch="true" condition-coverage="100% (2/2)" />
                <line number="37" hits="1" branch="false" />
                <line number="39" hits="154" branch="false" />
                <line number="41" hits="460" branch="true" condition-coverage="100% (2/2)" />
                <line number="42" hits="230" branch="false" />
                <line number="43" hits="230" branch="false" />
                <line number="45" hits="230" branch="true" condition-coverage="100% (6/6)" />
                <line number="46" hits="3" branch="false" />
                <line number="48" hits="3" branch="false" />
                <line number="51" hits="227" branch="true" condition-coverage="100% (4/4)" />
                <line number="52" hits="151" branch="false" />
                <line number="54" hits="151" branch="false" />
                <line number="55" hits="151" branch="false" />
                <line number="56" hits="151" branch="false" />
                <line number="58" hits="76" branch="false" />
                <line number="59" hits="154" branch="false" />
              </lines>
            </method>
            <method name="PrintHS" signature="()" line-rate="1" branch-rate="1" complexity="6">
              <lines>
                <line number="62" hits="1" branch="false" />
                <line number="63" hits="1" branch="false" />
                <line number="65" hits="10" branch="true" condition-coverage="100% (2/2)" />
                <line number="66" hits="4" branch="false" />
                <line number="68" hits="4" branch="true" condition-coverage="100% (4/4)" />
                <line number="69" hits="3" branch="false" />
                <line number="70" hits="3" branch="false" />
                <line number="71" hits="3" branch="false" />
                <line number="73" hits="1" branch="false" />
                <line number="74" hits="1" branch="false" />
                <line number="75" hits="1" branch="false" />
                <line number="76" hits="4" branch="false" />
                <line number="78" hits="1" branch="false" />
                <line number="79" hits="1" branch="false" />
              </lines>
            </method>
            <method name="Clear" signature="()" line-rate="1" branch-rate="1" complexity="2">
              <lines>
                <line number="82" hits="1" branch="false" />
                <line number="83" hits="10" branch="true" condition-coverage="100% (2/2)" />
                <line number="84" hits="4" branch="false" />
                <line number="85" hits="1" branch="false" />
                <line number="86" hits="1" branch="false" />
              </lines>
            </method>
            <method name="Resize" signature="()" line-rate="0.583333333333333" branch-rate="0.583333333333333" complexity="12">
              <lines>
                <line number="89" hits="1" branch="false" />
                <line number="90" hits="1" branch="false" />
                <line number="92" hits="10" branch="true" condition-coverage="100% (2/2)" />
                <line number="93" hits="4" branch="false" />
                <line number="94" hits="4" branch="false" />
                <line number="95" hits="5" branch="true" condition-coverage="100% (4/4)" />
                <line number="97" hits="3" branch="false" />
                <line number="99" hits="3" branch="true" condition-coverage="50% (1/2)" />
                <line number="100" hits="3" branch="false" />
                <line number="101" hits="3" branch="false" />
                <line number="102" hits="3" branch="false" />
                <line number="104" hits="0" branch="false" />
                <line number="105" hits="0" branch="true" condition-coverage="0% (0/2)" />
                <line number="106" hits="0" branch="false" />
                <line number="107" hits="0" branch="false" />
                <line number="108" hits="0" branch="true" condition-coverage="0% (0/2)" />
                <line number="109" hits="0" branch="false" />
                <line number="110" hits="0" branch="false" />
                <line number="111" hits="0" branch="false" />
                <line number="113" hits="0" branch="false" />
                <line number="114" hits="0" branch="false" />
                <line number="115" hits="3" branch="false" />
                <line number="117" hits="1" branch="false" />
                <line number="118" hits="1" branch="false" />
              </lines>
            </method>
            <method name="Contains" signature="(...)" line-rate="0.916666666666667" branch-rate="0.8" complexity="10">
              <lines>
                <line number="123" hits="7" branch="false" />
                <line number="124" hits="7" branch="true" condition-coverage="50% (1/2)" />
                <line number="126" hits="7" branch="false" />
                <line number="128" hits="20" branch="true" condition-coverage="50% (1/2)" />
                <line number="129" hits="10" branch="false" />
                <line number="130" hits="10" branch="false" />
                <line number="131" hits="14" branch="true" condition-coverage="100% (2/2)" />
                <line number="132" hits="6" branch="true" condition-coverage="100% (4/4)" />
                <line number="133" hits="3" branch="false" />
                <line number="134" hits="3" branch="false" />
                <line number="136" hits="0" branch="false" />
                <line number="137" hits="7" branch="false" />
              </lines>
            </method>
            <method name="Remove" signature="(...)" line-rate="0.896551724137931" branch-rate="0.75" complexity="16">
              <lines>
                <line number="145" hits="8" branch="false" />
                <line number="146" hits="8" branch="false" />
                <line number="148" hits="8" branch="true" condition-coverage="50% (1/2)" />
                <line number="150" hits="8" branch="false" />
                <line number="151" hits="8" branch="true" condition-coverage="100% (2/2)" />
                <line number="152" hits="7" branch="false" />
                <line number="153" hits="7" branch="true" condition-coverage="75% (3/4)" />
                <line number="154" hits="5" branch="false" />
                <line number="155" hits="5" branch="false" />
                <line number="156" hits="5" branch="false" />
                <line number="157" hits="5" branch="false" />
                <line number="160" hits="2" branch="false" />
                <line number="161" hits="8" branch="true" condition-coverage="50% (1/2)" />
                <line number="162" hits="4" branch="false" />
                <line number="163" hits="4" branch="false" />
                <line number="164" hits="5" branch="true" condition-coverage="100% (2/2)" />
                <line number="166" hits="3" branch="false" />
                <line number="167" hits="3" branch="true" condition-coverage="75% (3/4)" />
                <line number="168" hits="1" branch="false" />
                <line number="169" hits="1" branch="false" />
                <line number="170" hits="1" branch="false" />
                <line number="171" hits="1" branch="false" />
                <line number="173" hits="2" branch="false" />
[...]
            <line number="116" hits="1" branch="false" />
            <line number="124" hits="1" branch="false" />
            <line number="125" hits="1" branch="false" />
            <line number="126" hits="1" branch="false" />
            <line number="127" hits="1" branch="false" />
            <line number="128" hits="1" branch="false" />
            <line number="129" hits="1" branch="false" />
            <line number="131" hits="1" branch="false" />
            <line number="132" hits="1" branch="false" />
            <line number="133" hits="1" branch="false" />
            <line number="137" hits="1" branch="false" />
            <line number="138" hits="1" branch="false" />
            <line number="139" hits="1" branch="false" />
            <line number="140" hits="1" branch="false" />
            <line number="141" hits="1" branch="false" />
            <line number="142" hits="1" branch="false" />
            <line number="144" hits="1" branch="false" />
            <line number="145" hits="1" branch="false" />
            <line number="146" hits="1" branch="false" />
            <line number="154" hits="1" branch="false" />
            <line number="155" hits="1" branch="false" />
            <line number="157" hits="2" branch="false" />
            <line number="158" hits="3" branch="false" />
            <line number="159" hits="1" branch="false" />
            <line number="163" hits="1" branch="false" />
            <line number="164" hits="1" branch="false" />
            <line number="166" hits="2" branch="false" />
            <line number="167" hits="3" branch="false" />
            <line number="168" hits="1" branch="false" />
            <line number="176" hits="1" branch="false" />
            <line number="177" hits="1" branch="false" />
            <line number="179" hits="1" branch="false" />
            <line number="180" hits="1" branch="false" />
            <line number="182" hits="1" branch="true" condition-coverage="75% (6/8)" />
            <line number="183" hits="0" branch="false" />
            <line number="187" hits="1" branch="false" />
            <line number="188" hits="1" branch="false" />
            <line number="190" hits="1" branch="false" />
            <line number="191" hits="1" branch="false" />
            <line number="193" hits="1" branch="true" condition-coverage="75% (6/8)" />
            <line number="194" hits="0" branch="false" />
            <line number="202" hits="1" branch="false" />
            <line number="203" hits="1" branch="false" />
            <line number="204" hits="1" branch="false" />
            <line number="205" hits="3" branch="false" />
            <line number="206" hits="1" branch="false" />
            <line number="210" hits="1" branch="false" />
            <line number="211" hits="1" branch="false" />
            <line number="212" hits="1" branch="false" />
            <line number="213" hits="3" branch="false" />
            <line number="214" hits="1" branch="false" />
            <line number="218" hits="1" branch="false" />
            <line number="219" hits="1" branch="false" />
            <line number="220" hits="1" branch="false" />
            <line number="221" hits="1" branch="false" />
            <line number="225" hits="1" branch="false" />
            <line number="226" hits="1" branch="false" />
            <line number="227" hits="1" branch="false" />
            <line number="228" hits="1" branch="false" />
            <line number="237" hits="1" branch="false" />
            <line number="238" hits="1" branch="false" />
            <line number="239" hits="1" branch="false" />
            <line number="240" hits="1" branch="false" />
            <line number="241" hits="0" branch="false" />
          </lines>
        </class>
        <class name="Test.TestHC" filename="C:\Users\PogU\source\repos\lab-14\Tests\Test\TestHC.cs" line-rate="0.898148148148148" branch-rate="0.5" complexity="16">
          <methods>
            <method name="Setup" signature="()" line-rate="1" branch-rate="1" complexity="1">
              <lines>
                <line number="19" hits="14" branch="false" />
                <line number="21" hits="14" branch="false" />
                <line number="22" hits="14" branch="false" />
              </lines>
            </method>
            <method name="Add_AddsNewItemSuccessfully" signature="()" line-rate="1" branch-rate="1" complexity="1">
              <lines>
                <line number="26" hits="1" branch="false" />
                <line number="27" hits="1" branch="false" />
                <line number="28" hits="1" branch="false" />
                <line number="30" hits="1" branch="false" />
                <line number="31" hits="1" branch="false" />
                <line number="32" hits="1" branch="false" />
              </lines>
            </method>
            <method name="Add_DoesNotAddNullItem_ThrowsException" signature="()" line-rate="0.666666666666667" branch-rate="1" complexity="1">
              <lines>
                <line number="37" hits="1" branch="false" />
                <line number="38" hits="1" branch="false" />
                <line number="39" hits="0" branch="false" />
              </lines>
            </method>
            <method name="Add_DoesNotAllowDuplicates" signature="()" line-rate="1" branch-rate="1" complexity="1">
              <lines>
                <line number="43" hits="1" branch="false" />
                <line number="44" hits="1" branch="false" />
                <line number="45" hits="1" branch="false" />
                <line number="46" hits="1" branch="false" />
                <line number="48" hits="1" branch="false" />
                <line number="49" hits="1" branch="false" />
              </lines>
            </method>
            <method name="Resize_IncreasesSizeWhenLoadFactorExceeded" signature="()" line-rate="1" branch-rate="1" complexity="1">
              <lines>
                <line number="53" hits="1" branch="false" />
                <line number="55" hits="1" branch="false" />
                <line number="56" hits="1" branch="false" />
                <line number="57" hits="1" branch="false" />
                <line number="58" hits="1" branch="false" />
                <line number="60" hits="1" branch="false" />
                <line number="61" hits="1" branch="false" />
                <line number="62" hits="1" branch="false" />
                <line number="63" hits="1" branch="false" />
                <line number="65" hits="1" branch="false" />
                <line number="66" hits="1" branch="false" />
                <line number="67" hits="1" branch="false" />
              </lines>
            </method>
            <method name="Remove_RemovesExistingItemSuccessfully" signature="()" line-rate="1" branch-rate="1" complexity="1">
              <lines>
                <line number="71" hits="1" branch="false" />
                <line number="72" hits="1" branch="false" />
                <line number="73" hits="1" branch="false" />
                <line number="75" hits="1" branch="false" />
                <line number="76" hits="1" branch="false" />
                <line number="77" hits="1" branch="false" />
                <line number="78" hits="1" branch="false" />
                <line number="79" hits="1" branch="false" />
              </lines>
            </method>
            <method name="Remove_ReturnsFalseIfItemNotFound" signature="()" line-rate="1" branch-rate="1" complexity="1">
              <lines>
                <line number="83" hits="1" branch="false" />
                <line number="84" hits="1" branch="false" />
                <line number="85" hits="1" branch="false" />
                <line number="87" hits="1" branch="false" />
                <line number="89" hits="1" branch="false" />
                <line number="90" hits="1" branch="false" />
                <line number="91" hits="1" branch="false" />
              </lines>
            </method>
            <method name="Find_ReturnsCorrectIndexAndData" signature="()" line-rate="1" branch-rate="0.5" complexity="2">
              <lines>
                <line number="95" hits="1" branch="false" />
                <line number="96" hits="1" branch="false" />
                <line number="97" hits="1" branch="false" />
                <line number="100" hits="1" branch="false" />
                <line number="102" hits="1" branch="false" />
                <line number="103" hits="1" branch="false" />
                <line number="104" hits="1" branch="true" condition-coverage="50% (1/2)" />
                <line number="105" hits="1" branch="false" />
              </lines>
            </method>
            <method name="Contains_ReturnsTrueForExistingItems" signature="()" line-rate="1" branch-rate="1" complexity="1">
              <lines>
                <line number="109" hits="1" branch="false" />
                <line number="110" hits="1" branch="false" />
                <line number="111" hits="1" branch="false" />
                <line number="113" hits="1" branch="false" />
                <line number="114" hits="1" branch="false" />
              </lines>
            </method>
            <method name="Contains_ReturnsFalseForRemovedItems" signature="()" line-rate="1" branch-rate="1" complexity="1">
              <lines>
                <line number="118" hits="1" branch="false" />
                <line number="119" hits="1" branch="false" />
                <line number="120" hits="1" branch="false" />
                <line number="121" hits="1" branch="false" />
                <line number="123" hits="1" branch="false" />
                <line number="124" hits="1" branch="false" />
              </lines>
            </method>
            <method name="Resize_RehashesAndInsertsCollidingElementsCorrectly" signature="()" line-rate="0.529411764705882" branch-rate="1" complexity="1">
              <lines>
                <line number="128" hits="1" branch="false" />
                <line number="130" hits="1" branch="false" />
                <line number="133" hits="1" branch="false" />
                <line number="134" hits="1" branch="false" />
                <line number="135" hits="1" branch="false" />
                <line number="137" hits="1" branch="false" />
                <line number="138" hits="1" branch="false" />
                <line number="139" hits="1" branch="false" />
                <line number="142" hits="1" branch="false" />
                <line number="143" hits="0" branch="false" />
                <line number="144" hits="0" branch="false" />
                <line number="145" hits="0" branch="false" />
                <line number="148" hits="0" branch="false" />
                <line number="149" hits="0" branch="false" />
                <line number="151" hits="0" branch="false" />
                <line number="152" hits="0" branch="false" />
                <line number="153" hits="0" branch="false" />
              </lines>
            </method>
            <method name="PrintHS_ReturnsNonEmptyString" signature="()" line-rate="1" branch-rate="1" complexity="1">
              <lines>
                <line number="157" hits="1" branch="false" />
                <line number="158" hits="1" branch="false" />
                <line number="159" hits="1" branch="false" />
                <line number="161" hits="1" branch="false" />
                <line number="162" hits="1" branch="false" />
                <line number="163" hits="1" branch="false" />
              </lines>
            </method>
            <method name="Clear_EmptiesTheHashTable" signature="()" line-rate="1" branch-rate="1" complexity="1">
              <lines>
                <line number="167" hits="1" branch="false" />
                <line number="168" hits="1" branch="false" />
                <line number="169" hits="1" branch="false" />
                <line number="170" hits="1" branch="false" />
                <line number="172" hits="1" branch="false" />
                <line number="173" hits="1" branch="false" />
                <line number="174" hits="1" branch="false" />
              </lines>
            </method>
            <method name="HashPoint_DefaultConstructor_SetsDefaultValues" signature="()" line-rate="1" branch-rate="1" complexity="1">
              <lines>
                <line number="177" hits="1" branch="false" />
                <line number="179" hits="1" branch="false" />
                <line number="182" hits="1" branch="false" />
                <line number="183" hits="1" branch="false" />
                <line number="184" hits="1" branch="false" />
              </lines>
            </method>
            <method name="HashPoint_ToString_ReturnsCorrectValue" signature="()" line-rate="0.777777777777778" branch-rate="1" complexity="1">
              <lines>
                <line number="187" hits="1" branch="false" />
                <line number="190" hits="1" branch="false" />
                <line number="191" hits="1" branch="false" />
                <line number="195" hits="1" branch="false" />
                <line number="198" hits="1" branch="false" />
                <line number="199" hits="1" branch="false" />
                <line number="202" hits="1" branch="false" />
                <line number="203" hits="0" branch="false" />
                <line number="204" hits="0" branch="false" />
              </lines>
            </method>
          </methods>
          <lines>
            <line number="19" hits="14" branch="false" />
            <line number="21" hits="14" branch="false" />
            <line number="22" hits="14" branch="false" />
            <line number="26" hits="1" branch="false" />
            <line number="27" hits="1" branch="false" />
            <line number="28" hits="1" branch="false" />
            <line number="30" hits="1" branch="false" />
            <line number="31" hits="1" branch="false" />
            <line number="32" hits="1" branch="false" />
            <line number="37" hits="1" branch="false" />
            <line number="38" hits="1" branch="false" />
            <line number="39" hits="0" branch="false" />
            <line number="43" hits="1" branch="false" />
            <line number="44" hits="1" branch="false" />
            <line number="45" hits="1" branch="false" />
            <line number="46" hits="1" branch="false" />
            <line number="48" hits="1" branch="false" />
            <line number="49" hits="1" branch="false" />
            <line number="53" hits="1" branch="false" />
            <line number="55" hits="1" branch="false" />
            <line number="56" hits="1" branch="false" />
            <line number="57" hits="1" branch="false" />
            <line number="58" hits="1" branch="false" />
            <line number="60" hits="1" branch="false" />
            <line number="61" hits="1" branch="false" />
            <line number="62" hits="1" branch="false" />
            <line number="63" hits="1" branch="false" />
            <line number="65" hits="1" branch="false" />
            <line number="66" hits="1" branch="false" />
            <line number="67" hits="1" branch="false" />
            <line number="71" hits="1" branch="false" />
            <line number="72" hits="1" branch="false" />
            <line number="73" hits="1" branch="false" />
            <line number="75" hits="1" branch="false" />
            <line number="76" hits="1" branch="false" />
            <line number="77" hits="1" branch="false" />
            <line number="78" hits="1" branch="false" />
            <line number="79" hits="1" branch="false" />
            <line number="83" hits="1" branch="false" />
            <line number="84" hits="1" branch="false" />
            <line number="85" hits="1" branch="false" />
            <line number="87" hits="1" branch="false" />
            <line number="89" hits="1" branch="false" />
            <line number="90" hits="1" branch="false" />
            <line number="91" hits="1" branch="false" />
            <line number="95" hits="1" branch="false" />
            <line number="96" hits="1" branch="false" />
            <line number="97" hits="1" branch="false" />
            <line number="100" hits="1" branch="false" />
            <line number="102" hits="1" branch="false" />
            <line number="103" hits="1" branch="false" />
            <line number="104" hits="1" branch="true" condition-coverage="50% (1/2)" />
            <line number="105" hits="1" branch="false" />
            <line number="109" hits="1" branch="false" />
            <line number="110" hits="1" branch="false" />
            <line number="111" hits="1" branch="false" />
            <line number="113" hits="1" branch="false" />
            <line number="114" hits="1" branch="false" />
            <line number="118" hits="1" branch="false" />
            <line number="119" hits="1" branch="false" />
            <line number="120" hits="1" branch="false" />
            <line number="121" hits="1" branch="false" />
            <line number="123" hits="1" branch="false" />
            <line number="124" hits="1" branch="false" />
            <line number="128" hits="1" branch="false" />
            <line number="130" hits="1" branch="false" />
            <line number="133" hits="1" branch="false" />
            <line number="134" hits="1" branch="false" />
            <line number="135" hits="1" branch="false" />
            <line number="137" hits="1" branch="false" />
            <line number="138" hits="1" branch="false" />
            <line number="139" hits="1" branch="false" />
            <line number="142" hits="1" branch="false" />
            <line number="143" hits="0" branch="false" />
            <line number="144" hits="0" branch="false" />
            <line number="145" hits="0" branch="false" />
            <line number="148" hits="0" branch="false" />
            <line number="149" hits="0" branch="false" />
            <line number="151" hits="0" branch="false" />
            <line number="152" hits="0" branch="false" />
            <line number="153" hits="0" branch="false" />
            <line number="157" hits="1" branch="false" />
            <line number="158" hits="1" branch="false" />
            <line number="159" hits="1" branch="false" />
            <line number="161" hits="1" branch="false" />
            <line number="162" hits="1" branch="false" />
            <line number="163" hits="1" branch="false" />
            <line number="167" hits="1" branch="false" />
            <line number="168" hits="1" branch="false" />
            <line number="169" hits="1" branch="false" />
            <line number="170" hits="1" branch="false" />
            <line number="172" hits="1" branch="false" />
            <line number="173" hits="1" branch="false" />
            <line number="174" hits="1" branch="false" />
            <line number="177" hits="1" branch="false" />
            <line number="179" hits="1" branch="false" />
            <line number="182" hits="1" branch="false" />
            <line number="183" hits="1" branch="false" />
            <line number="184" hits="1" branch="false" />
            <line number="187" hits="1" branch="false" />
            <line number="190" hits="1" branch="false" />
            <line number="191" hits="1" branch="false" />
            <line number="195" hits="1" branch="false" />
            <line number="198" hits="1" branch="false" />
            <line number="199" hits="1" branch="false" />
            <line number="202" hits="1" branch="false" />
            <line number="203" hits="0" branch="false" />
            <line number="204" hits="0" branch="false" />
          </lines>
        </class>
      </classes>
    </package>
  </packages>
</coverage>